[2016-12-03 20:59:57] Creative-Design.INFO: Testing Sql Connection ..  [] []
[2016-12-03 20:59:57] Creative-Design.INFO: Database Connection Found ..  [] []
[2016-12-03 20:59:57] Creative-Design.INFO: Data Retrived ..  [] []
[2016-12-03 21:02:38] Creative-Design.INFO: Testing Sql Connection ..  [] []
[2016-12-03 21:02:38] Creative-Design.INFO: Database Connection Found ..  [] []
[2016-12-03 21:02:38] Creative-Design.INFO: Data Retrived ..  [] []
[2016-12-03 21:02:54] Creative-Design.INFO: Testing Sql Connection ..  [] []
[2016-12-03 21:02:54] Creative-Design.INFO: Database Connection Found ..  [] []
[2016-12-03 21:02:54] Creative-Design.INFO: Data Retrived ..  [] []
[2016-12-03 21:02:54] Creative-Design.INFO: Testing Sql Connection ..  [] []
[2016-12-03 21:02:54] Creative-Design.INFO: Database Connection Found ..  [] []
[2016-12-03 21:02:54] Creative-Design.INFO: Data Retrived ..  [] []
[2016-12-03 21:04:33] Creative-Design.INFO: Testing Sql Connection ..  [] []
[2016-12-03 21:04:33] Creative-Design.INFO: Database Connection Found ..  [] []
[2016-12-03 21:04:33] Creative-Design.INFO: Data Retrived ..  [] []
[2016-12-03 21:04:34] Creative-Design.INFO: Testing Sql Connection ..  [] []
[2016-12-03 21:04:34] Creative-Design.INFO: Database Connection Found ..  [] []
[2016-12-03 21:04:34] Creative-Design.INFO: Data Retrived ..  [] []
[2016-12-03 21:08:01] Creative-Design.INFO: Testing Sql Connection ..  [] []
[2016-12-03 21:08:01] Creative-Design.INFO: Database Connection Found ..  [] []
[2016-12-03 21:08:01] Creative-Design.INFO: Data Retrived ..  [] []
[2016-12-03 21:08:53] Creative-Design.INFO: Testing Sql Connection ..  [] []
[2016-12-03 21:08:53] Creative-Design.INFO: Database Connection Found ..  [] []
[2016-12-03 21:08:53] Creative-Design.INFO: Data Retrived ..  [] []
[2016-12-03 21:09:09] Creative-Design.INFO: Testing Sql Connection ..  [] []
[2016-12-03 21:09:09] Creative-Design.INFO: Database Connection Found ..  [] []
[2016-12-03 21:09:09] Creative-Design.INFO: Data Retrived ..  [] []
[2016-12-03 21:09:44] Creative-Design.INFO: Testing Sql Connection ..  [] []
[2016-12-03 21:09:44] Creative-Design.INFO: Database Connection Found ..  [] []
[2016-12-03 21:09:44] Creative-Design.INFO: Data Retrived ..  [] []
[2016-12-03 21:09:45] Creative-Design.INFO: Testing Sql Connection ..  [] []
[2016-12-03 21:09:45] Creative-Design.INFO: Database Connection Found ..  [] []
[2016-12-03 21:09:45] Creative-Design.INFO: Data Retrived ..  [] []
[2016-12-03 21:09:59] Creative-Design.INFO: Testing Sql Connection ..  [] []
[2016-12-03 21:09:59] Creative-Design.INFO: Database Connection Found ..  [] []
[2016-12-03 21:09:59] Creative-Design.INFO: Data Retrived ..  [] []
[2016-12-03 21:11:08] Creative-Design.INFO: Testing Sql Connection ..  [] []
[2016-12-03 21:11:08] Creative-Design.INFO: Database Connection Found ..  [] []
[2016-12-03 21:11:08] Creative-Design.INFO: Data Retrived ..  [] []
[2016-12-03 21:11:28] Creative-Design.INFO: Testing Sql Connection ..  [] []
[2016-12-03 21:11:28] Creative-Design.INFO: Database Connection Found ..  [] []
[2016-12-03 21:11:28] Creative-Design.INFO: Data Retrived ..  [] []
[2016-12-03 21:11:28] Creative-Design.INFO: Testing Sql Connection ..  [] []
[2016-12-03 21:11:28] Creative-Design.INFO: Database Connection Found ..  [] []
[2016-12-03 21:11:28] Creative-Design.INFO: Data Retrived ..  [] []
[2016-12-03 21:11:49] Creative-Design.INFO: Testing Sql Connection ..  [] []
[2016-12-03 21:11:49] Creative-Design.INFO: Database Connection Found ..  [] []
[2016-12-03 21:11:49] Creative-Design.INFO: Data Retrived ..  [] []
[2016-12-03 21:11:50] Creative-Design.INFO: Testing Sql Connection ..  [] []
[2016-12-03 21:11:50] Creative-Design.INFO: Database Connection Found ..  [] []
[2016-12-03 21:11:50] Creative-Design.INFO: Data Retrived ..  [] []
[2016-12-03 21:12:22] Creative-Design.INFO: Testing Sql Connection ..  [] []
[2016-12-03 21:12:22] Creative-Design.INFO: Database Connection Found ..  [] []
[2016-12-03 21:12:22] Creative-Design.INFO: Data Retrived ..  [] []
[2016-12-03 21:12:30] Creative-Design.INFO: Testing Sql Connection ..  [] []
[2016-12-03 21:12:30] Creative-Design.INFO: Database Connection Found ..  [] []
[2016-12-03 21:12:30] Creative-Design.INFO: Data Retrived ..  [] []
[2016-12-03 21:14:50] Creative-Design.INFO: Testing Sql Connection ..  [] []
[2016-12-03 21:14:50] Creative-Design.INFO: Database Connection Found ..  [] []
[2016-12-03 21:14:50] Creative-Design.INFO: Data Retrived ..  [] []
[2016-12-03 21:15:00] Creative-Design.INFO: Testing Sql Connection ..  [] []
[2016-12-03 21:15:00] Creative-Design.INFO: Database Connection Found ..  [] []
[2016-12-03 21:15:00] Creative-Design.INFO: Data Retrived ..  [] []
[2016-12-03 21:16:02] Creative-Design.INFO: Testing Sql Connection ..  [] []
[2016-12-03 21:16:02] Creative-Design.INFO: Database Connection Found ..  [] []
[2016-12-03 21:16:02] Creative-Design.INFO: Data Retrived ..  [] []
[2016-12-03 21:16:02] Creative-Design.INFO: Database Connection Established ..  [] []
[2016-12-08 20:25:29] Creative-Design.INFO: Testing Sql Connection ..  [] []
[2016-12-08 20:25:29] Creative-Design.INFO: Database Connection Found ..  [] []
[2016-12-08 20:25:29] Creative-Design.INFO: Data Retrived ..  [] []
[2016-12-08 20:25:29] Creative-Design.INFO: Database Connection Established ..  [] []
[2016-12-09 14:36:47] Creative-Design.INFO: Testing Sql Connection ..  [] []
[2016-12-09 14:36:47] Creative-Design.INFO: Database Connection Found ..  [] []
[2016-12-09 14:36:47] Creative-Design.INFO: Data Retrived ..  [] []
[2016-12-09 14:36:47] Creative-Design.INFO: Database Connection Established ..  [] []
[2016-12-09 14:36:54] Creative-Design.INFO:  Request Recieved for listing of products ..  [] []
[2016-12-09 14:36:54] Creative-Design.INFO: Products Retrived ..  [] []
[2016-12-09 14:37:38] Creative-Design.INFO:  Request Recieved for listing of products ..  [] []
[2016-12-09 14:37:38] Creative-Design.INFO: Products Retrived ..  [] []
[2016-12-09 15:17:06] Creative-Design.INFO:  Request Recieved for listing of products ..  [] []
[2016-12-09 15:17:06] Creative-Design.INFO: Products Retrived ..  [] []
[2016-12-09 15:17:07] Creative-Design.INFO:  Request Recieved for listing of products ..  [] []
[2016-12-09 15:17:07] Creative-Design.INFO: Products Retrived ..  [] []
[2016-12-09 15:17:47] Creative-Design.INFO:  Request Recieved for listing of products ..  [] []
[2016-12-09 15:17:47] Creative-Design.INFO: Products Retrived ..  [] []
[2016-12-09 15:18:32] Creative-Design.INFO:  Request Recieved for listing of products ..  [] []
[2016-12-09 15:18:32] Creative-Design.INFO: Products Retrived ..  [] []
[2016-12-09 15:19:02] Creative-Design.INFO:  Request Recieved for listing of products ..  [] []
[2016-12-09 15:19:02] Creative-Design.INFO: Products Retrived ..  [] []
[2016-12-09 15:19:11] Creative-Design.INFO:  Request Recieved for listing of products ..  [] []
[2016-12-09 15:19:11] Creative-Design.INFO: Products Retrived ..  [] []
[2016-12-09 15:19:40] Creative-Design.INFO:  Request Recieved for listing of products ..  [] []
[2016-12-09 15:19:40] Creative-Design.INFO: Products Retrived ..  [] []
[2016-12-09 15:22:57] Creative-Design.INFO:  Request Recieved for listing of products ..  [] []
[2016-12-09 15:22:57] Creative-Design.INFO: Products Retrived ..  [] []
[2016-12-09 15:22:57] Creative-Design.INFO:  Request Recieved for listing of products ..  [] []
[2016-12-09 15:22:57] Creative-Design.INFO: Products Retrived ..  [] []
[2016-12-09 15:29:17] Creative-Design.INFO:  Request Recieved for listing of products ..  [] []
[2016-12-09 15:29:17] Creative-Design.INFO: Products Retrived ..  [] []
[2016-12-09 15:29:17] Creative-Design.INFO:  Request Recieved for listing of products ..  [] []
[2016-12-09 15:29:17] Creative-Design.INFO: Products Retrived ..  [] []
[2016-12-09 15:31:50] Creative-Design.INFO:  Request Recieved for listing of products ..  [] []
[2016-12-09 15:31:50] Creative-Design.INFO: Products Retrived ..  [] []
[2016-12-09 15:55:54] Creative-Design.INFO:  Request Recieved for listing of products ..  [] []
[2016-12-09 15:55:54] Creative-Design.INFO: Products Retrived ..  [] []
[2016-12-09 15:55:54] Creative-Design.INFO:  Request Recieved for listing of products ..  [] []
[2016-12-09 15:55:54] Creative-Design.INFO: Products Retrived ..  [] []
[2016-12-09 16:01:37] Creative-Design.INFO:  Request Recieved for listing of products ..  [] []
[2016-12-09 16:01:37] Creative-Design.INFO: Products Retrived ..  [] []
[2016-12-09 16:01:38] Creative-Design.INFO:  Request Recieved for listing of products ..  [] []
[2016-12-09 16:01:38] Creative-Design.INFO: Products Retrived ..  [] []
[2016-12-09 16:01:47] Creative-Design.INFO:  Request Recieved for listing of products ..  [] []
[2016-12-09 16:01:47] Creative-Design.INFO: Products Retrived ..  [] []
[2016-12-09 16:04:20] Creative-Design.INFO:  Request Recieved for listing of products ..  [] []
[2016-12-09 16:04:20] Creative-Design.INFO: Products Retrived ..  [] []
[2016-12-09 16:05:06] Creative-Design.INFO:  Request Recieved for listing of products ..  [] []
[2016-12-09 16:05:06] Creative-Design.INFO: Products Retrived ..  [] []
[2016-12-09 16:08:54] Creative-Design.INFO:  Request Recieved for listing of products ..  [] []
[2016-12-09 16:08:54] Creative-Design.INFO: Products Retrived ..  [] []
[2016-12-09 16:09:10] Creative-Design.INFO:  Request Recieved for listing of products ..  [] []
[2016-12-09 16:09:21] Creative-Design.INFO:  Request Recieved for listing of products ..  [] []
[2016-12-09 16:10:05] Creative-Design.INFO:  Request Recieved for listing of products ..  [] []
[2016-12-09 16:10:08] Creative-Design.INFO:  Request Recieved for listing of products ..  [] []
[2016-12-09 16:10:15] Creative-Design.INFO:  Request Recieved for listing of products ..  [] []
[2016-12-09 16:10:19] Creative-Design.INFO:  Request Recieved for listing of products ..  [] []
[2016-12-09 16:10:21] Creative-Design.INFO:  Request Recieved for listing of products ..  [] []
[2016-12-09 16:10:49] Creative-Design.INFO:  Request Recieved for listing of products ..  [] []
[2016-12-09 16:11:11] Creative-Design.INFO:  Request Recieved for listing of products ..  [] []
[2016-12-09 16:11:47] Creative-Design.INFO:  Request Recieved for listing of products ..  [] []
[2016-12-09 16:12:15] Creative-Design.INFO:  Request Recieved for listing of products ..  [] []
[2016-12-09 16:12:33] Creative-Design.INFO:  Request Recieved for listing of products ..  [] []
[2016-12-09 16:12:42] Creative-Design.INFO:  Request Recieved for listing of products ..  [] []
[2016-12-09 16:12:49] Creative-Design.INFO:  Request Recieved for listing of products ..  [] []
[2016-12-09 16:12:49] Creative-Design.INFO: Products Retrived ..  [] []
[2016-12-09 16:14:21] Creative-Design.INFO:  Request Recieved for listing of products ..  [] []
[2016-12-09 16:14:21] Creative-Design.INFO: Products Retrived ..  [] []
[2016-12-09 16:31:17] Creative-Design.INFO:  Request Recieved for listing of products ..  [] []
[2016-12-09 16:31:17] Creative-Design.INFO: Products Retrived ..  [] []
[2016-12-09 16:31:17] Creative-Design.INFO:  Request Recieved for listing of products ..  [] []
[2016-12-09 16:31:17] Creative-Design.INFO: Products Retrived ..  [] []
[2016-12-09 16:31:27] Creative-Design.INFO:  Request Recieved for listing of products ..  [] []
[2016-12-09 16:31:27] Creative-Design.INFO: Products Retrived ..  [] []
[2016-12-09 16:41:10] Creative-Design.INFO:  Request Recieved for listing of products ..  [] []
[2016-12-09 16:41:10] Creative-Design.INFO: Products Retrived ..  [] []
[2016-12-09 16:41:10] Creative-Design.INFO:  Request Recieved for listing of products ..  [] []
[2016-12-09 16:41:10] Creative-Design.INFO: Products Retrived ..  [] []
[2016-12-09 16:50:48] Creative-Design.INFO:  Request Recieved for listing of products ..  [] []
[2016-12-09 16:50:48] Creative-Design.INFO: Products Retrived ..  [] []
[2016-12-09 16:52:41] Creative-Design.INFO:  Request Recieved for listing of products ..  [] []
[2016-12-09 16:52:41] Creative-Design.INFO: Products Retrived ..  [] []
[2016-12-09 17:39:24] Creative-Design.INFO: Host->Array [] []
[2016-12-09 17:39:24] Creative-Design.INFO: HTTP_CONNECTION->Array [] []
[2016-12-09 17:39:24] Creative-Design.INFO: HTTP_CACHE_CONTROL->Array [] []
[2016-12-09 17:39:24] Creative-Design.INFO: HTTP_UPGRADE_INSECURE_REQUESTS->Array [] []
[2016-12-09 17:39:24] Creative-Design.INFO: HTTP_USER_AGENT->Array [] []
[2016-12-09 17:39:24] Creative-Design.INFO: HTTP_ACCEPT->Array [] []
[2016-12-09 17:39:24] Creative-Design.INFO: HTTP_ACCEPT_ENCODING->Array [] []
[2016-12-09 17:39:24] Creative-Design.INFO: HTTP_ACCEPT_LANGUAGE->Array [] []
[2016-12-09 17:39:24] Creative-Design.INFO:  Request Recieved for listing of products ..  [] []
[2016-12-09 17:39:24] Creative-Design.INFO: Products Retrived ..  [] []
[2016-12-09 17:40:50] Creative-Design.INFO: Host: api [] []
[2016-12-09 17:40:50] Creative-Design.INFO: HTTP_CONNECTION: keep-alive [] []
[2016-12-09 17:40:50] Creative-Design.INFO: HTTP_CACHE_CONTROL: max-age=0 [] []
[2016-12-09 17:40:50] Creative-Design.INFO: HTTP_UPGRADE_INSECURE_REQUESTS: 1 [] []
[2016-12-09 17:40:50] Creative-Design.INFO: HTTP_USER_AGENT: Mozilla/5.0 (X11; Linux x86_64) AppleWebKit/537.36 (KHTML, like Gecko) Chrome/53.0.2785.116 Safari/537.36 [] []
[2016-12-09 17:40:50] Creative-Design.INFO: HTTP_ACCEPT: text/html,application/xhtml+xml,application/xml;q=0.9,image/webp,*/*;q=0.8 [] []
[2016-12-09 17:40:50] Creative-Design.INFO: HTTP_ACCEPT_ENCODING: gzip, deflate, sdch [] []
[2016-12-09 17:40:50] Creative-Design.INFO: HTTP_ACCEPT_LANGUAGE: en-US,en;q=0.8 [] []
[2016-12-09 17:40:50] Creative-Design.INFO:  Request Recieved for listing of products ..  [] []
[2016-12-09 17:40:50] Creative-Design.INFO: Products Retrived ..  [] []
[2016-12-09 18:00:57] Creative-Design.INFO: Host: api [] []
[2016-12-09 18:00:57] Creative-Design.INFO: HTTP_CONNECTION: keep-alive [] []
[2016-12-09 18:00:57] Creative-Design.INFO: HTTP_CACHE_CONTROL: no-cache [] []
[2016-12-09 18:00:57] Creative-Design.INFO: HTTP_USER_AGENT [] []
[2016-12-09 18:00:57] Creative-Design.INFO: HTTP_USER_AGENT: Mozilla/5.0 (X11; Linux x86_64) AppleWebKit/537.36 (KHTML, like Gecko) Chrome/53.0.2785.116 Safari/537.36 [] []
[2016-12-09 18:00:57] Creative-Design.INFO: HTTP_POSTMAN_TOKEN: 19170de5-9263-cc1e-2f64-cd029c35e024 [] []
[2016-12-09 18:00:57] Creative-Design.INFO: HTTP_ACCEPT: */* [] []
[2016-12-09 18:00:57] Creative-Design.INFO: HTTP_ACCEPT_ENCODING: gzip, deflate, sdch [] []
[2016-12-09 18:00:57] Creative-Design.INFO: HTTP_ACCEPT_LANGUAGE: en-US,en;q=0.8 [] []
[2016-12-09 18:00:57] Creative-Design.INFO: PHP_AUTH_DIGEST: username="postman", realm="Users", nonce="hKzhhJ2gxrMlINIT3idM5kq4Le8SZI7V", uri="/digest-auth", response="576ce536602e37b636c23678ef256a0c", opaque="" [] []
[2016-12-09 18:00:57] Creative-Design.INFO: HTTP_AUTHORIZATION: Digest username="postman", realm="Users", nonce="hKzhhJ2gxrMlINIT3idM5kq4Le8SZI7V", uri="/digest-auth", response="576ce536602e37b636c23678ef256a0c", opaque="" [] []
[2016-12-09 18:00:57] Creative-Design.INFO:  Request Recieved for listing of products ..  [] []
[2016-12-09 18:00:57] Creative-Design.INFO: Products Retrived ..  [] []
[2016-12-09 18:01:52] Creative-Design.INFO: Host: api [] []
[2016-12-09 18:01:52] Creative-Design.INFO: HTTP_CONNECTION: keep-alive [] []
[2016-12-09 18:01:52] Creative-Design.INFO: HTTP_CACHE_CONTROL: no-cache [] []
[2016-12-09 18:01:52] Creative-Design.INFO: Array [] []
[2016-12-09 18:01:52] Creative-Design.INFO: HTTP_USER_AGENT: Mozilla/5.0 (X11; Linux x86_64) AppleWebKit/537.36 (KHTML, like Gecko) Chrome/53.0.2785.116 Safari/537.36 [] []
[2016-12-09 18:01:52] Creative-Design.INFO: HTTP_POSTMAN_TOKEN: 53045248-c768-d809-b084-294568bff3f6 [] []
[2016-12-09 18:01:52] Creative-Design.INFO: HTTP_ACCEPT: */* [] []
[2016-12-09 18:01:52] Creative-Design.INFO: HTTP_ACCEPT_ENCODING: gzip, deflate, sdch [] []
[2016-12-09 18:01:52] Creative-Design.INFO: HTTP_ACCEPT_LANGUAGE: en-US,en;q=0.8 [] []
[2016-12-09 18:01:52] Creative-Design.INFO: PHP_AUTH_DIGEST: username="postman", realm="Users", nonce="hKzhhJ2gxrMlINIT3idM5kq4Le8SZI7V", uri="/digest-auth", response="576ce536602e37b636c23678ef256a0c", opaque="" [] []
[2016-12-09 18:01:52] Creative-Design.INFO: HTTP_AUTHORIZATION: Digest username="postman", realm="Users", nonce="hKzhhJ2gxrMlINIT3idM5kq4Le8SZI7V", uri="/digest-auth", response="576ce536602e37b636c23678ef256a0c", opaque="" [] []
[2016-12-09 18:01:52] Creative-Design.INFO:  Request Recieved for listing of products ..  [] []
[2016-12-09 18:01:52] Creative-Design.INFO: Products Retrived ..  [] []
[2016-12-09 18:02:54] Creative-Design.INFO: Host: api [] []
[2016-12-09 18:02:54] Creative-Design.INFO: HTTP_CONNECTION: keep-alive [] []
[2016-12-09 18:02:54] Creative-Design.INFO: HTTP_CACHE_CONTROL: no-cache [] []
[2016-12-09 18:02:54] Creative-Design.INFO:  [] []
[2016-12-09 18:02:54] Creative-Design.INFO: HTTP_USER_AGENT: Mozilla/5.0 (X11; Linux x86_64) AppleWebKit/537.36 (KHTML, like Gecko) Chrome/53.0.2785.116 Safari/537.36 [] []
[2016-12-09 18:02:54] Creative-Design.INFO: HTTP_POSTMAN_TOKEN: 8be8aaa8-6467-a45e-4f14-fdc67c940244 [] []
[2016-12-09 18:02:54] Creative-Design.INFO: HTTP_ACCEPT: */* [] []
[2016-12-09 18:02:54] Creative-Design.INFO: HTTP_ACCEPT_ENCODING: gzip, deflate, sdch [] []
[2016-12-09 18:02:54] Creative-Design.INFO: HTTP_ACCEPT_LANGUAGE: en-US,en;q=0.8 [] []
[2016-12-09 18:02:54] Creative-Design.INFO: PHP_AUTH_DIGEST: username="postman", realm="Users", nonce="hKzhhJ2gxrMlINIT3idM5kq4Le8SZI7V", uri="/digest-auth", response="576ce536602e37b636c23678ef256a0c", opaque="" [] []
[2016-12-09 18:02:54] Creative-Design.INFO: HTTP_AUTHORIZATION: Digest username="postman", realm="Users", nonce="hKzhhJ2gxrMlINIT3idM5kq4Le8SZI7V", uri="/digest-auth", response="576ce536602e37b636c23678ef256a0c", opaque="" [] []
[2016-12-09 18:02:54] Creative-Design.INFO:  Request Recieved for listing of products ..  [] []
[2016-12-09 18:02:54] Creative-Design.INFO: Products Retrived ..  [] []
[2016-12-09 18:03:46] Creative-Design.INFO: Host: api [] []
[2016-12-09 18:03:46] Creative-Design.INFO: HTTP_CONNECTION: keep-alive [] []
[2016-12-09 18:03:46] Creative-Design.INFO: HTTP_CACHE_CONTROL: no-cache [] []
[2016-12-09 18:03:46] Creative-Design.INFO: Mozilla/5.0 (X11; Linux x86_64) AppleWebKit/537.36 (KHTML, like Gecko) Chrome/53.0.2785.116 Safari/537.36 [] []
[2016-12-09 18:03:46] Creative-Design.INFO: HTTP_USER_AGENT: Mozilla/5.0 (X11; Linux x86_64) AppleWebKit/537.36 (KHTML, like Gecko) Chrome/53.0.2785.116 Safari/537.36 [] []
[2016-12-09 18:03:46] Creative-Design.INFO: HTTP_POSTMAN_TOKEN: 8762be7c-265e-85d0-01cb-ce9a4495cfbf [] []
[2016-12-09 18:03:46] Creative-Design.INFO: HTTP_ACCEPT: */* [] []
[2016-12-09 18:03:46] Creative-Design.INFO: HTTP_ACCEPT_ENCODING: gzip, deflate, sdch [] []
[2016-12-09 18:03:46] Creative-Design.INFO: HTTP_ACCEPT_LANGUAGE: en-US,en;q=0.8 [] []
[2016-12-09 18:03:46] Creative-Design.INFO: PHP_AUTH_DIGEST: username="postman", realm="Users", nonce="hKzhhJ2gxrMlINIT3idM5kq4Le8SZI7V", uri="/digest-auth", response="576ce536602e37b636c23678ef256a0c", opaque="" [] []
[2016-12-09 18:03:46] Creative-Design.INFO: HTTP_AUTHORIZATION: Digest username="postman", realm="Users", nonce="hKzhhJ2gxrMlINIT3idM5kq4Le8SZI7V", uri="/digest-auth", response="576ce536602e37b636c23678ef256a0c", opaque="" [] []
[2016-12-09 18:03:46] Creative-Design.INFO:  Request Recieved for listing of products ..  [] []
[2016-12-09 18:03:46] Creative-Design.INFO: Products Retrived ..  [] []
[2016-12-09 18:29:31] Creative-Design.INFO: Request Recieved  [] []
[2016-12-09 18:29:31] Creative-Design.INFO:  Request Recieved for listing of products ..  [] []
[2016-12-09 18:29:31] Creative-Design.INFO: Products Retrived ..  [] []
[2016-12-11 14:41:42] Creative-Design.INFO: Request Recieved  [] []
[2016-12-11 14:41:42] Creative-Design.INFO:  Request Recieved for listing of products ..  [] []
[2016-12-11 14:41:42] Creative-Design.INFO: Products Retrived ..  [] []
[2016-12-11 14:41:42] Creative-Design.INFO: Request Recieved  [] []
[2016-12-11 15:17:53] Creative-Design.INFO: Request Recieved  [] []
[2016-12-11 15:17:53] Creative-Design.INFO:  Request Recieved for listing of products ..  [] []
[2016-12-11 15:17:53] Creative-Design.INFO: Products Retrived ..  [] []
[2016-12-11 15:24:28] Creative-Design.INFO: Request Recieved  [] []
[2016-12-11 15:24:28] Creative-Design.INFO:  Request Recieved for listing of products ..  [] []
[2016-12-11 15:24:28] Creative-Design.INFO: Products Retrived ..  [] []
[2016-12-11 15:24:31] Creative-Design.INFO: Request Recieved  [] []
[2016-12-11 15:24:31] Creative-Design.INFO:  Request Recieved for listing of products ..  [] []
[2016-12-11 15:24:31] Creative-Design.INFO: Products Retrived ..  [] []
[2016-12-11 15:43:23] Creative-Design.INFO: Request Recieved  [] []
[2016-12-11 15:43:23] Creative-Design.INFO:  Request Recieved for listing of products ..  [] []
[2016-12-11 15:43:23] Creative-Design.INFO: Products Retrived ..  [] []
[2016-12-13 01:29:04] Creative-Design.INFO: Request Recieved  [] []
[2016-12-13 01:29:04] Creative-Design.INFO:  Fetching product for 1 ..  [] []
[2016-12-13 01:29:04] Creative-Design.INFO: Request Recieved  [] []
[2016-12-13 01:29:32] Creative-Design.INFO: Request Recieved  [] []
[2016-12-13 01:29:32] Creative-Design.INFO:  Fetching product for 1 id..  [] []
[2016-12-13 01:29:37] Creative-Design.INFO: Request Recieved  [] []
[2016-12-13 01:29:37] Creative-Design.INFO:  Fetching product for 28978 id..  [] []
[2016-12-13 01:36:49] Creative-Design.INFO: Request Recieved  [] []
[2016-12-13 01:36:49] Creative-Design.INFO:  Fetching product for 1 id..  [] []
[2016-12-13 01:37:12] Creative-Design.INFO: Request Recieved  [] []
[2016-12-13 01:37:12] Creative-Design.INFO:  Request Recieved for listing of products ..  [] []
[2016-12-13 01:37:12] Creative-Design.INFO: Products Retrived ..  [] []
[2016-12-13 01:37:19] Creative-Design.INFO: Request Recieved  [] []
[2016-12-13 01:37:19] Creative-Design.INFO:  Fetching product for 1 id..  [] []
[2016-12-13 01:38:50] Creative-Design.INFO: Request Recieved  [] []
[2016-12-13 01:38:50] Creative-Design.INFO:  Fetching product for 1 id..  [] []
[2016-12-13 01:40:07] Creative-Design.INFO: Request Recieved  [] []
[2016-12-13 01:40:07] Creative-Design.INFO:  Fetching product for 1 id..  [] []
[2016-12-13 01:41:06] Creative-Design.INFO: Request Recieved  [] []
[2016-12-13 01:41:06] Creative-Design.INFO:  Fetching product for 1 id..  [] []
[2016-12-13 01:41:06] Creative-Design.INFO: Products Retrived ..  [] []
[2016-12-13 01:43:05] Creative-Design.INFO: Request Recieved  [] []
[2016-12-13 01:43:05] Creative-Design.INFO:  Fetching product for 1 id..  [] []
[2016-12-13 01:43:05] Creative-Design.INFO: Products Retrived ..  [] []
[2016-12-13 01:43:09] Creative-Design.INFO: Request Recieved  [] []
[2016-12-13 01:43:09] Creative-Design.INFO:  Request Recieved for listing of products ..  [] []
[2016-12-13 01:43:09] Creative-Design.INFO: Products Retrived ..  [] []
[2016-12-13 01:43:15] Creative-Design.INFO: Request Recieved  [] []
[2016-12-13 01:43:15] Creative-Design.INFO:  Fetching product for 2 id..  [] []
[2016-12-13 01:43:15] Creative-Design.INFO: Products Retrived ..  [] []
[2016-12-13 01:43:29] Creative-Design.INFO: Request Recieved  [] []
[2016-12-13 01:43:29] Creative-Design.INFO:  Fetching product for 2 id..  [] []
[2016-12-13 01:43:29] Creative-Design.INFO: Products Retrived ..  [] []
[2016-12-13 01:44:01] Creative-Design.INFO: Request Recieved  [] []
[2016-12-13 01:44:01] Creative-Design.INFO:  Fetching product for 2 id..  [] []
[2016-12-13 01:44:01] Creative-Design.INFO: Products Retrived ..  [] []
[2016-12-13 01:47:35] Creative-Design.INFO: Request Recieved  [] []
[2016-12-13 01:47:35] Creative-Design.INFO:  Request Recieved for listing of products ..  [] []
[2016-12-13 01:47:35] Creative-Design.INFO: Products Retrived ..  [] []
[2016-12-13 01:52:55] Creative-Design.INFO: Request Recieved  [] []
[2016-12-13 01:52:55] Creative-Design.INFO:  Request Recieved for listing of products ..  [] []
[2016-12-13 01:52:55] Creative-Design.INFO: Products Retrived ..  [] []
[2016-12-13 01:53:05] Creative-Design.INFO: Request Recieved  [] []
[2016-12-13 01:53:05] Creative-Design.INFO:  Request Recieved for listing of products ..  [] []
[2016-12-13 01:53:05] Creative-Design.INFO: Products Retrived ..  [] []
[2016-12-13 01:57:40] Creative-Design.INFO: Request Recieved  [] []
[2016-12-13 01:57:40] Creative-Design.INFO:  Inserting product   into database ..  [] []
[2016-12-13 01:58:14] Creative-Design.INFO: Request Recieved  [] []
[2016-12-13 01:58:14] Creative-Design.INFO:  Inserting product Trial  into database ..  [] []
[2016-12-13 01:58:30] Creative-Design.INFO: Request Recieved  [] []
[2016-12-13 01:58:30] Creative-Design.INFO:  Inserting product Trial into database ..  [] []
